[10:20:45] [main/INFO]: Environment: authHost='https://authserver.mojang.com', accountsHost='https://api.mojang.com', sessionHost='https://sessionserver.mojang.com', servicesHost='https://api.minecraftservices.com', name='PROD'
[10:20:45] [main/INFO]: Reloading ResourceManager: Default, bukkit
[10:20:46] [Worker-Main-3/INFO]: Loaded 7 recipes
[10:20:47] [Server thread/INFO]: Starting minecraft server version 1.17.1
[10:20:47] [Server thread/INFO]: Loading properties
[10:20:48] [Server thread/INFO]: This server is running Paper version git-Paper-266 (MC: 1.17.1) (Implementing API version 1.17.1-R0.1-SNAPSHOT) (Git: 0d19cd7)
[10:20:48] [Server thread/INFO]: Server Ping Player Sample Count: 12
[10:20:48] [Server thread/INFO]: Using 4 threads for Netty based IO
[10:20:48] [Server thread/INFO]: Default game type: SURVIVAL
[10:20:48] [Server thread/INFO]: Generating keypair
[10:20:48] [Server thread/INFO]: Starting Minecraft server on *:25565
[10:20:48] [Server thread/INFO]: Using default channel type
[10:20:48] [Server thread/INFO]: Paper: Using Java 11 compression from Velocity.
[10:20:48] [Server thread/INFO]: Paper: Using Java cipher from Velocity.
[10:20:48] [Server thread/INFO]: Server permissions file permissions.yml is empty, ignoring it
[10:20:48] [Server thread/INFO]: Preparing level "world"
[10:20:49] [Server thread/INFO]: Preparing start region for dimension minecraft:overworld
[10:20:49] [Server thread/INFO]: Time elapsed: 275 ms
[10:20:49] [Server thread/INFO]: Preparing start region for dimension minecraft:the_nether
[10:20:49] [Server thread/INFO]: Time elapsed: 81 ms
[10:20:49] [Server thread/INFO]: Preparing start region for dimension minecraft:the_end
[10:20:49] [Server thread/INFO]: Time elapsed: 68 ms
[10:20:49] [Server thread/INFO]: Running delayed init tasks
[10:20:49] [Server thread/INFO]: Done (1.982s)! For help, type "help"
[10:20:49] [Server thread/INFO]: Timings Reset
